Removed Pin From Net: NetName=CT1_GND Pin=C1-2
Removed Pin From Net: NetName=CT1_GND Pin=C2-2
Removed Pin From Net: NetName=CT1_GND Pin=C5-1
Removed Pin From Net: NetName=CT1_GND Pin=C10-1
Removed Pin From Net: NetName=CT1_GND Pin=C11-1
Removed Pin From Net: NetName=CT1_GND Pin=J1-1
Removed Pin From Net: NetName=CT1_GND Pin=J1-9
Removed Pin From Net: NetName=CT1_GND Pin=J8-1
Removed Pin From Net: NetName=CT1_GND Pin=J14-4
Removed Pin From Net: NetName=VDD5.0 Pin=J14-5
Removed Pin From Net: NetName=CT1_GND Pin=J14-6
Removed Pin From Net: NetName=CT1_GND Pin=J14-7
Removed Pin From Net: NetName=CT1_GND Pin=JP1-1
Removed Pin From Net: NetName=CT1_GND Pin=L2-1
Removed Pin From Net: NetName=CT1_GND Pin=R1-2
Removed Pin From Net: NetName=CT1_GND Pin=R3-2
Removed Pin From Net: NetName=CT1_GND Pin=R4-2
Removed Pin From Net: NetName=CT1_GND Pin=R19-2
Removed Pin From Net: NetName=CT1_GND Pin=R28-2
Removed Pin From Net: NetName=CT1_GND Pin=R31-2
Removed Pin From Net: NetName=CT1_GND Pin=R32-2
Removed Pin From Net: NetName=CT1_GND Pin=TP10-1
Removed Pin From Net: NetName=CT1_GND Pin=U1-2
Removed Pin From Net: NetName=CT1_GND Pin=U2-8
Removed Pin From Net: NetName=CT1_GND Pin=U5-3
Removed Pin From Net: NetName=CT1_GND Pin=U6-4
Removed Pin From Net: NetName=CT1_GND Pin=U6-5
Change Component Description : Designator=L3 Old Description=Power Line 10mH @ 1kHz 1.2O Through Hole Common Mode Chokes / Filters RoHS New Description= 
Power Line 10mH @ 1kHz 1.2O Through Hole Common Mode Chokes / Filters RoHS
Added Pin To Net: NetName=VDD5.0 Pin=J14-6
Added Pin To Net: NetName=VDD5.0 Pin=J14-7
Added Pin To Net: NetName=I2C_1_VCC Pin=C1-2
Added Pin To Net: NetName=I2C_1_VCC Pin=C2-2
Added Pin To Net: NetName=I2C_1_VCC Pin=C5-1
Added Pin To Net: NetName=I2C_1_VCC Pin=C10-1
Added Pin To Net: NetName=I2C_1_VCC Pin=C11-1
Added Pin To Net: NetName=I2C_1_VCC Pin=J1-1
Added Pin To Net: NetName=I2C_1_VCC Pin=J1-9
Added Pin To Net: NetName=I2C_1_VCC Pin=J8-1
Added Pin To Net: NetName=I2C_1_VCC Pin=J14-4
Added Pin To Net: NetName=I2C_1_VCC Pin=J14-5
Added Pin To Net: NetName=I2C_1_VCC Pin=JP1-1
Added Pin To Net: NetName=I2C_1_VCC Pin=L2-1
Added Pin To Net: NetName=I2C_1_VCC Pin=R1-2
Added Pin To Net: NetName=I2C_1_VCC Pin=R3-2
Added Pin To Net: NetName=I2C_1_VCC Pin=R4-2
Added Pin To Net: NetName=I2C_1_VCC Pin=R19-2
Added Pin To Net: NetName=I2C_1_VCC Pin=R28-2
Added Pin To Net: NetName=I2C_1_VCC Pin=R31-2
Added Pin To Net: NetName=I2C_1_VCC Pin=R32-2
Added Pin To Net: NetName=I2C_1_VCC Pin=TP10-1
Added Pin To Net: NetName=I2C_1_VCC Pin=U1-2
Added Pin To Net: NetName=I2C_1_VCC Pin=U2-8
Added Pin To Net: NetName=I2C_1_VCC Pin=U5-3
Added Pin To Net: NetName=I2C_1_VCC Pin=U6-4
Added Pin To Net: NetName=I2C_1_VCC Pin=U6-5
Added Net: Name=I2C_1_VCC
