Removed Pin From Net: NetName=GND Pin=S1-1
Removed Pin From Net: NetName=ESP32-BOOT/MODBUS_DE Pin=S1-2
Change Component Footprint: Designator=D1 Old Footprint=D0805 New Footprint=D0805-rightangle
Change Component Footprint: Designator=D2 Old Footprint=D0805 New Footprint=D0805-rightangle
Change Component Designator: OldDesignator=D1 NewDesignator=D3
Change Component Designator: OldDesignator=D2 NewDesignator=D4
Change Component Designator: OldDesignator=D3 NewDesignator=D1
Change Component Designator: OldDesignator=D4 NewDesignator=D2
Change Component Designator: OldDesignator=J6 NewDesignator=J1
Change Component Designator: OldDesignator=J7 NewDesignator=J3
Change Component Designator: OldDesignator=J8 NewDesignator=J2
Change Component Designator: OldDesignator=J9 NewDesignator=J4
Change Component Designator: OldDesignator=J10 NewDesignator=J5
Change Component Designator: OldDesignator=J11 NewDesignator=J10
Change Component Designator: OldDesignator=J12 NewDesignator=J7
Change Component Designator: OldDesignator=J13 NewDesignator=J11
Change Component Designator: OldDesignator=J14 NewDesignator=J6
Change Component Designator: OldDesignator=J15 NewDesignator=J8
Change Component Designator: OldDesignator=J16 NewDesignator=J9
Change Component Designator: OldDesignator=J17 NewDesignator=J12
Change Component Designator: OldDesignator=JP2 NewDesignator=JP1
Change Component Designator: OldDesignator=R3 NewDesignator=R14
Change Component Designator: OldDesignator=R4 NewDesignator=R15
Change Component Designator: OldDesignator=R5 NewDesignator=R8
Change Component Designator: OldDesignator=R6 NewDesignator=R9
Change Component Designator: OldDesignator=R7 NewDesignator=R10
Change Component Designator: OldDesignator=R8 NewDesignator=R11
Change Component Designator: OldDesignator=R9 NewDesignator=R12
Change Component Designator: OldDesignator=R10 NewDesignator=R13
Change Component Designator: OldDesignator=R11 NewDesignator=R16
Change Component Designator: OldDesignator=R12 NewDesignator=R25
Change Component Designator: OldDesignator=R13 NewDesignator=R32
Change Component Designator: OldDesignator=R14 NewDesignator=R33
Change Component Designator: OldDesignator=R15 NewDesignator=R3
Change Component Designator: OldDesignator=R16 NewDesignator=R4
Change Component Designator: OldDesignator=R17 NewDesignator=R5
Change Component Designator: OldDesignator=R18 NewDesignator=R6
Change Component Designator: OldDesignator=R19 NewDesignator=R7
Change Component Designator: OldDesignator=R20 NewDesignator=R21
Change Component Designator: OldDesignator=R21 NewDesignator=R23
Change Component Designator: OldDesignator=R22 NewDesignator=R24
Change Component Designator: OldDesignator=R23 NewDesignator=R29
Change Component Designator: OldDesignator=R24 NewDesignator=R17
Change Component Designator: OldDesignator=R25 NewDesignator=R26
Change Component Designator: OldDesignator=R26 NewDesignator=R19
Change Component Designator: OldDesignator=R27 NewDesignator=R28
Change Component Designator: OldDesignator=R28 NewDesignator=R20
Change Component Designator: OldDesignator=R29 NewDesignator=R30
Change Component Designator: OldDesignator=R30 NewDesignator=R22
Change Component Designator: OldDesignator=R32 NewDesignator=R18
Change Component Designator: OldDesignator=R33 NewDesignator=R27
Change Component Designator: OldDesignator=U4 NewDesignator=U5
Change Component Designator: OldDesignator=U5 NewDesignator=U6
Change Component Designator: OldDesignator=U6 NewDesignator=U4
Added Pin To Net: NetName=ESP32-BOOT/MODBUS_DE Pin=S1-1
Added Pin To Net: NetName=GND Pin=S1-2
Change Net Name : Old Net Name=NetD1_1 New Net Name=NetD3_1
Change Net Name : Old Net Name=NetD2_1 New Net Name=NetD4_1
Change Net Name : Old Net Name=NetJ7_1 New Net Name=NetJ3_1
Change Net Name : Old Net Name=NetJ7_2 New Net Name=NetJ3_2
Change Net Name : Old Net Name=NetJ9_1 New Net Name=NetJ4_1
Change Net Name : Old Net Name=NetJ10_1 New Net Name=NetJ5_1
Change Net Name : Old Net Name=NetJ12_1 New Net Name=NetJ7_1
Change Net Name : Old Net Name=NetJ15_1 New Net Name=NetJ8_1
Change Net Name : Old Net Name=NetR20_1 New Net Name=NetR18_2
Change Net Name : Old Net Name=NetR21_2 New Net Name=NetR18_1
Change Net Name : Old Net Name=NetR22_1 New Net Name=NetR24_1
Change Net Name : Old Net Name=NetR23_1 New Net Name=NetR29_1
Change Net Name : Old Net Name=NetR24_1 New Net Name=NetR17_1
Change Net Name : Old Net Name=NetR25_1 New Net Name=NetR26_1
Change Net Name : Old Net Name=NetR28_1 New Net Name=NetR20_1
Change Net Name : Old Net Name=NetR29_1 New Net Name=NetR30_1
