Change Component Footprint: Designator=D9 Old Footprint=D0805 New Footprint=ORH-G35A
Change Component Footprint: Designator=D10 Old Footprint=D0805 New Footprint=ORH-R35A
Change Component Footprint: Designator=D4 Old Footprint=D0805-rightangle New Footprint=12-21C/BHC-AP1Q1N/2C
Change Component Footprint: Designator=D3 Old Footprint=D0805-rightangle New Footprint=12-21C/G6C-KN2P2/2C
Change Component Comment : Designator=D4 Old Comment=HL-PC New Comment=BLED-RA
Change Component Comment : Designator=D3 Old Comment=HL-PC New Comment=GLED-RA
Change Component Comment : Designator=D9 Old Comment=HL-PC New Comment=GLED
Change Component Comment : Designator=D10 Old Comment=HL-PC New Comment=RLED
Change Component Designator: OldDesignator=R8 NewDesignator=R3
Change Component Designator: OldDesignator=R9 NewDesignator=R4
Change Component Designator: OldDesignator=R10 NewDesignator=R5
Change Component Designator: OldDesignator=R11 NewDesignator=R6
Change Component Designator: OldDesignator=R12 NewDesignator=R7
Change Component Designator: OldDesignator=R13 NewDesignator=R8
Change Component Designator: OldDesignator=R14 NewDesignator=R9
Change Component Designator: OldDesignator=R15 NewDesignator=R10
Change Component Designator: OldDesignator=R16 NewDesignator=R11
Change Component Designator: OldDesignator=R17 NewDesignator=R12
Change Component Designator: OldDesignator=R18 NewDesignator=R13
Change Component Designator: OldDesignator=R19 NewDesignator=R14
Change Component Designator: OldDesignator=R20 NewDesignator=R15
Change Component Designator: OldDesignator=R21 NewDesignator=R17
Change Component Designator: OldDesignator=R22 NewDesignator=R16
Change Component Designator: OldDesignator=R23 NewDesignator=R18
Change Component Designator: OldDesignator=R24 NewDesignator=R19
Change Component Designator: OldDesignator=R25 NewDesignator=R20
Change Component Designator: OldDesignator=R26 NewDesignator=R21
Change Component Designator: OldDesignator=R27 NewDesignator=R22
Change Component Designator: OldDesignator=R28 NewDesignator=R23
Change Component Designator: OldDesignator=R29 NewDesignator=R24
Change Component Designator: OldDesignator=R30 NewDesignator=R25
Change Component Designator: OldDesignator=R31 NewDesignator=R26
Change Component Designator: OldDesignator=R32 NewDesignator=R27
Change Component Designator: OldDesignator=R33 NewDesignator=R28
Change Net Name : Old Net Name=NetR17_1 New Net Name=NetR12_1
Change Net Name : Old Net Name=NetR18_1 New Net Name=NetR13_1
Change Net Name : Old Net Name=NetR18_2 New Net Name=NetR13_2
Change Net Name : Old Net Name=NetR20_1 New Net Name=NetR15_1
Change Net Name : Old Net Name=NetR24_1 New Net Name=NetR19_1
Change Net Name : Old Net Name=NetR26_1 New Net Name=NetR21_1
Change Net Name : Old Net Name=NetR29_1 New Net Name=NetR24_1
Change Net Name : Old Net Name=NetR30_1 New Net Name=NetR25_1
