Removed Pin From Net: NetName=ESP32-LTE-RXD Pin=JP1-2
Removed Pin From Net: NetName=ESP32-LTE-TXD Pin=JP1-4
Removed Pin From Net: NetName=ETH_RST Pin=JP2-1
Removed Pin From Net: NetName=ESP32-LTE-DTR Pin=JP2-2
Removed Pin From Net: NetName=ETH_INT Pin=JP2-3
Removed Pin From Net: NetName=ESP32-LTE-DCD Pin=JP2-4
Removed Pin From Net: NetName=ETH_MISO Pin=JP2-5
Removed Pin From Net: NetName=ESP32-LTE-RI Pin=JP2-6
Removed Pin From Net: NetName=ETH_MOSI Pin=JP3-1
Removed Pin From Net: NetName=LTE_PWR Pin=JP3-2
Removed Pin From Net: NetName=ETH_SCLK Pin=JP3-3
Removed Pin From Net: NetName=LTE_RESET Pin=JP3-4
Change Component Designator: OldDesignator=C6 NewDesignator=C9
Change Component Designator: OldDesignator=C7 NewDesignator=C10
Change Component Designator: OldDesignator=C8 NewDesignator=C6
Change Component Designator: OldDesignator=C9 NewDesignator=C11
Change Component Designator: OldDesignator=C10 NewDesignator=C7
Change Component Designator: OldDesignator=C11 NewDesignator=C8
Change Component Designator: OldDesignator=D11 NewDesignator=D10
Change Component Designator: OldDesignator=D12 NewDesignator=D11
Change Component Designator: OldDesignator=J2 NewDesignator=J6
Change Component Designator: OldDesignator=J3 NewDesignator=J7
Change Component Designator: OldDesignator=J4 NewDesignator=J8
Change Component Designator: OldDesignator=J5 NewDesignator=J9
Change Component Designator: OldDesignator=J6 NewDesignator=J11
Change Component Designator: OldDesignator=J7 NewDesignator=J10
Change Component Designator: OldDesignator=J8 NewDesignator=J14
Change Component Designator: OldDesignator=J9 NewDesignator=J13
Change Component Designator: OldDesignator=J10 NewDesignator=J12
Change Component Designator: OldDesignator=J11 NewDesignator=J16
Change Component Designator: OldDesignator=J12 NewDesignator=J15
Change Component Designator: OldDesignator=J13 NewDesignator=J17
Change Component Designator: OldDesignator=JP4 NewDesignator=JP2
Change Component Designator: OldDesignator=L1 NewDesignator=L2
Change Component Designator: OldDesignator=L2 NewDesignator=L1
Change Component Designator: OldDesignator=R7 NewDesignator=R9
Change Component Designator: OldDesignator=R8 NewDesignator=R10
Change Component Designator: OldDesignator=R9 NewDesignator=R11
Change Component Designator: OldDesignator=R10 NewDesignator=R12
Change Component Designator: OldDesignator=R11 NewDesignator=R13
Change Component Designator: OldDesignator=R12 NewDesignator=R7
Change Component Designator: OldDesignator=R13 NewDesignator=R14
Change Component Designator: OldDesignator=R14 NewDesignator=R8
Change Component Designator: OldDesignator=U2 NewDesignator=U5
Change Component Designator: OldDesignator=U3 NewDesignator=U2
Change Component Designator: OldDesignator=U5 NewDesignator=U3
Added Component: Designator=J1(Shunt)
Added Component: Designator=J2(Shunt)
Added Component: Designator=J3(Shunt)
Added Component: Designator=J4(Shunt)
Added Component: Designator=J5(Shunt)
Added Pin To Net: NetName=ESP32-LTE-DTR Pin=J1-1
Added Pin To Net: NetName=ETH_RST Pin=J1-2
Added Pin To Net: NetName=ESP32-LTE-DCD Pin=J2-1
Added Pin To Net: NetName=ETH_INT Pin=J2-2
Added Pin To Net: NetName=ESP32-LTE-RI Pin=J3-1
Added Pin To Net: NetName=ETH_MISO Pin=J3-2
Added Pin To Net: NetName=LTE_PWR Pin=J4-1
Added Pin To Net: NetName=ETH_MOSI Pin=J4-2
Added Pin To Net: NetName=LTE_RESET Pin=J5-1
Added Pin To Net: NetName=ETH_SCLK Pin=J5-2
Added Pin To Net: NetName=ESP32-LTE-TXD Pin=JP1-2
Added Pin To Net: NetName=ESP32-LTE-RXD Pin=JP1-4
Change Net Name : Old Net Name=NetC10_1 New Net Name=NetC7_1
Change Net Name : Old Net Name=NetC11_1 New Net Name=NetC8_1
Change Net Name : Old Net Name=NetD11_1 New Net Name=NetD10_1
Change Net Name : Old Net Name=NetD12_2 New Net Name=NetD11_2
Change Net Name : Old Net Name=NetJ3_1 New Net Name=NetJ7_1
Change Net Name : Old Net Name=NetJ3_2 New Net Name=NetJ7_2
Change Net Name : Old Net Name=NetJ5_1 New Net Name=NetJ9_1
Change Net Name : Old Net Name=NetJ7_1 New Net Name=NetJ10_1
Change Net Name : Old Net Name=NetJ10_1 New Net Name=NetJ12_1
Change Net Name : Old Net Name=NetJ12_1 New Net Name=NetJ15_1
Change Net Name : Old Net Name=NetL2_3 New Net Name=NetL1_3
Change Net Name : Old Net Name=NetL2_4 New Net Name=NetL1_4
