Removed Pin From Net: NetName=BOOT/DE Pin=S1-2
Removed Pin From Net: NetName=NetC4_2 Pin=S2-2
Change Component Footprint: Designator=S1 Old Footprint=PANASONIC EVPAW New Footprint=E-SWITCH TL3340
Change Component Footprint: Designator=S2 Old Footprint=PANASONIC EVPAW New Footprint=E-SWITCH TL3340
Change Component Comment : Designator=S1 Old Comment=EVP-AWCD2A New Comment=TL3340AF160QG
Change Component Comment : Designator=S2 Old Comment=EVP-AWCD2A New Comment=TL3340AF160QG
Change component parameters: Designator = "S1" ("S1"); Footprint = "PANASONIC EVPAW"; UniqueID = "\MFMNLZXB" ("\MFMNLZXB")
Change component parameters (AddParameter): Name = "Actuator Length, Right Angle"; Value = "3.40mm"; VariantName = "[No Variations]"
Change component parameters (AddParameter): Name = "Actuator Orientation"; Value = "Side Actuated"; VariantName = "[No Variations]"
Change component parameters (AddParameter): Name = "Actuator Type"; Value = "Standard"; VariantName = "[No Variations]"
Change component parameters (AddParameter): Name = "Circuit"; Value = "SPST-NO"; VariantName = "[No Variations]"
Change component parameters (AddParameter): Name = "ComponentLink1Description"; Value = "Datasheet"; VariantName = "[No Variations]"
Change component parameters (AddParameter): Name = "ComponentLink1URL"; Value = "https://www.e-switch.com/system/asset/product_line/data_sheet/164/TL3340.pdf"; VariantName = "[No Variations]"
Change component parameters (AddParameter): Name = "ComponentLink2Description"; Value = "DigiKey Link"; VariantName = "[No Variations]"
Change component parameters (AddParameter): Name = "ComponentLink2URL"; Value = "http://digikey.com/product-detail/en/e-switch/TL3340AF160QG/EG4627CT-ND/1885974"; VariantName = "[No Variations]"
Change component parameters (AddParameter): Name = "Contact Rating @ Voltage"; Value = "0.05A @ 12VDC"; VariantName = "[No Variations]"
Change component parameters (AddParameter): Name = "Illumination"; Value = "Non-Illuminated"; VariantName = "[No Variations]"
Change component parameters (AddParameter): Name = "LastUpdated"; Value = "4/9/2020 9:56:30 AM"; VariantName = "[No Variations]"
Change component parameters (AddParameter): Name = "Lifecycle Status"; Value = "Active"; VariantName = "[No Variations]"
Change component parameters (AddParameter): Name = "Manufacturer"; Value = "E-Switch"; VariantName = "[No Variations]"
Change component parameters (AddParameter): Name = "Minimum Order"; Value = "1"; VariantName = "[No Variations]"
Change component parameters (AddParameter): Name = "Mounting Type"; Value = "Surface Mount, Right Angle"; VariantName = "[No Variations]"
Change component parameters (AddParameter): Name = "Operating Force"; Value = "160gf"; VariantName = "[No Variations]"
Change component parameters (AddParameter): Name = "Operating Temperature"; Value = "-35°C ~ 85°C"; VariantName = "[No Variations]"
Change component parameters (AddParameter): Name = "Outline"; Value = "4.00mm x 3.30mm"; VariantName = "[No Variations]"
Change component parameters (AddParameter): Name = "Packaging"; Value = "TapeAndReel"; VariantName = "[No Variations]"
Change component parameters (AddParameter): Name = "Part Number"; Value = "TL3340AF160QG"; VariantName = "[No Variations]"
Change component parameters (AddParameter): Name = "Part Status"; Value = "Active"; VariantName = "[No Variations]"
Change component parameters (AddParameter): Name = "Price"; Value = "0.25"; VariantName = "[No Variations]"
Change component parameters (AddParameter): Name = "Series"; Value = "TL3340"; VariantName = "[No Variations]"
Change component parameters (AddParameter): Name = "Supplier 1"; Value = "DigiKey"; VariantName = "[No Variations]"
Change component parameters (AddParameter): Name = "Supplier Part Number 1"; Value = "EG4627CT-ND"; VariantName = "[No Variations]"
Change component parameters (AddParameter): Name = "Switch Function"; Value = "Off-Mom"; VariantName = "[No Variations]"
Change component parameters (AddParameter): Name = "Termination Style"; Value = "Gull Wing"; VariantName = "[No Variations]"
Change component parameters: Designator = "S2" ("S2"); Footprint = "PANASONIC EVPAW"; UniqueID = "\MIBVIOAB" ("\MIBVIOAB")
Change component parameters (AddParameter): Name = "Actuator Length, Right Angle"; Value = "3.40mm"; VariantName = "[No Variations]"
Change component parameters (AddParameter): Name = "Actuator Orientation"; Value = "Side Actuated"; VariantName = "[No Variations]"
Change component parameters (AddParameter): Name = "Actuator Type"; Value = "Standard"; VariantName = "[No Variations]"
Change component parameters (AddParameter): Name = "Circuit"; Value = "SPST-NO"; VariantName = "[No Variations]"
Change component parameters (AddParameter): Name = "ComponentLink1Description"; Value = "Datasheet"; VariantName = "[No Variations]"
Change component parameters (AddParameter): Name = "ComponentLink1URL"; Value = "https://www.e-switch.com/system/asset/product_line/data_sheet/164/TL3340.pdf"; VariantName = "[No Variations]"
Change component parameters (AddParameter): Name = "ComponentLink2Description"; Value = "DigiKey Link"; VariantName = "[No Variations]"
Change component parameters (AddParameter): Name = "ComponentLink2URL"; Value = "http://digikey.com/product-detail/en/e-switch/TL3340AF160QG/EG4627CT-ND/1885974"; VariantName = "[No Variations]"
Change component parameters (AddParameter): Name = "Contact Rating @ Voltage"; Value = "0.05A @ 12VDC"; VariantName = "[No Variations]"
Change component parameters (AddParameter): Name = "Illumination"; Value = "Non-Illuminated"; VariantName = "[No Variations]"
Change component parameters (AddParameter): Name = "LastUpdated"; Value = "4/9/2020 9:56:30 AM"; VariantName = "[No Variations]"
Change component parameters (AddParameter): Name = "Lifecycle Status"; Value = "Active"; VariantName = "[No Variations]"
Change component parameters (AddParameter): Name = "Manufacturer"; Value = "E-Switch"; VariantName = "[No Variations]"
Change component parameters (AddParameter): Name = "Minimum Order"; Value = "1"; VariantName = "[No Variations]"
Change component parameters (AddParameter): Name = "Mounting Type"; Value = "Surface Mount, Right Angle"; VariantName = "[No Variations]"
Change component parameters (AddParameter): Name = "Operating Force"; Value = "160gf"; VariantName = "[No Variations]"
Change component parameters (AddParameter): Name = "Operating Temperature"; Value = "-35°C ~ 85°C"; VariantName = "[No Variations]"
Change component parameters (AddParameter): Name = "Outline"; Value = "4.00mm x 3.30mm"; VariantName = "[No Variations]"
Change component parameters (AddParameter): Name = "Packaging"; Value = "TapeAndReel"; VariantName = "[No Variations]"
Change component parameters (AddParameter): Name = "Part Number"; Value = "TL3340AF160QG"; VariantName = "[No Variations]"
Change component parameters (AddParameter): Name = "Part Status"; Value = "Active"; VariantName = "[No Variations]"
Change component parameters (AddParameter): Name = "Price"; Value = "0.25"; VariantName = "[No Variations]"
Change component parameters (AddParameter): Name = "Series"; Value = "TL3340"; VariantName = "[No Variations]"
Change component parameters (AddParameter): Name = "Supplier 1"; Value = "DigiKey"; VariantName = "[No Variations]"
Change component parameters (AddParameter): Name = "Supplier Part Number 1"; Value = "EG4627CT-ND"; VariantName = "[No Variations]"
Change component parameters (AddParameter): Name = "Switch Function"; Value = "Off-Mom"; VariantName = "[No Variations]"
Change component parameters (AddParameter): Name = "Termination Style"; Value = "Gull Wing"; VariantName = "[No Variations]"
Added Pin To Net: NetName=GND Pin=S1-2
Added Pin To Net: NetName=BOOT/DE Pin=S1-3
Added Pin To Net: NetName=GND Pin=S2-2
Added Pin To Net: NetName=NetC4_2 Pin=S2-3
