Removed Pin From Net: NetName=ESP32-LTE-DTR Pin=J1-1
Removed Pin From Net: NetName=ETH_RST Pin=J1-2
Removed Pin From Net: NetName=ESP32-LTE-DCD Pin=J2-1
Removed Pin From Net: NetName=ETH_INT Pin=J2-2
Removed Pin From Net: NetName=ESP32-LTE-RI Pin=J3-1
Removed Pin From Net: NetName=ETH_MISO Pin=J3-2
Removed Pin From Net: NetName=LTE_PWR Pin=J4-1
Removed Pin From Net: NetName=ETH_MOSI Pin=J4-2
Removed Pin From Net: NetName=LTE_RESET Pin=J5-1
Removed Pin From Net: NetName=ETH_SCLK Pin=J5-2
Added Component: Designator=R15(R0805)
Added Component: Designator=R16(R0805)
Added Component: Designator=R17(R0805)
Added Component: Designator=R18(R0805)
Added Component: Designator=R19(R0805)
Added Pin To Net: NetName=ESP32-LTE-DTR Pin=R15-1
Added Pin To Net: NetName=ETH_RST Pin=R15-2
Added Pin To Net: NetName=ESP32-LTE-DCD Pin=R16-1
Added Pin To Net: NetName=ETH_INT Pin=R16-2
Added Pin To Net: NetName=ESP32-LTE-RI Pin=R17-1
Added Pin To Net: NetName=ETH_MISO Pin=R17-2
Added Pin To Net: NetName=LTE_PWR Pin=R18-1
Added Pin To Net: NetName=ETH_MOSI Pin=R18-2
Added Pin To Net: NetName=LTE_RESET Pin=R19-1
Added Pin To Net: NetName=ETH_SCLK Pin=R19-2
