Removed Pin From Net: NetName=VDC3.3 Pin=R22-2
Removed Pin From Net: NetName=ADC_3 Pin=U1-6
Removed Pin From Net: NetName=ADC_4 Pin=U1-7
Removed Pin From Net: NetName=GPIO_2 Pin=U1-10
Removed Pin From Net: NetName=GPIO_3 Pin=U1-11
Removed Pin From Net: NetName=GPIO_1 Pin=U1-37
Removed Pin From Net: NetName=VDC3.3 Pin=U6-11
Change Component Comment : Designator=R20 Old Comment=10k New Comment=100k
Change Component Comment : Designator=R22 Old Comment=10k New Comment=100k
Change Component Comment : Designator=R23 Old Comment=10k New Comment=100k
Change Component Comment : Designator=R26 Old Comment=10k New Comment=100k
Change Component Comment : Designator=R27 Old Comment=10k New Comment=100k
Change Component Comment : Designator=R28 Old Comment=10k New Comment=100k
Change Component Comment : Designator=R29 Old Comment=10k New Comment=100k
Change Component Comment : Designator=R24 Old Comment=40k New Comment=400k
Change Component Comment : Designator=R25 Old Comment=40k New Comment=400k
Change Component Comment : Designator=R30 Old Comment=40k New Comment=400k
Change Component Comment : Designator=R31 Old Comment=40k New Comment=400k
Added Component: Designator=R32(R0805)
Added Component: Designator=R33(R0805)
Added Pin To Net: NetName=GND Pin=J11-4
Added Pin To Net: NetName=GPIO_2 Pin=R4-2
Added Pin To Net: NetName=VDD3.3 Pin=R22-2
Added Pin To Net: NetName=NetR21_2 Pin=R32-1
Added Pin To Net: NetName=NetR20_1 Pin=R32-2
Added Pin To Net: NetName=GND Pin=R33-2
Added Pin To Net: NetName=GPIO_1 Pin=U1-4
Added Pin To Net: NetName=GPIO_2 Pin=U1-5
Added Pin To Net: NetName=ADC_4 Pin=U1-6
Added Pin To Net: NetName=ADC_3 Pin=U1-7
Added Pin To Net: NetName=GPIO_3 Pin=U1-37
Added Pin To Net: NetName=VDD5.0 Pin=U6-11
Change Net Name : Old Net Name=ADC_3 New Net Name=CT_1
Change Net Name : Old Net Name=ADC_4 New Net Name=CT_2
Change Net Name : Old Net Name=ADC_5 New Net Name=CT_3
Change Net Name : Old Net Name=ADC_6 New Net Name=CT_4
Change Net Name : Old Net Name=OpAmp1_N New Net Name=RTD_2
Change Net Name : Old Net Name=OpAmp1_P New Net Name=RTD_1
Added Pin To Net: NetName=RT_1 Pin=R24-2
Added Pin To Net: NetName=RT_1 Pin=U1-10
Added Pin To Net: NetName=RT_1 Pin=U6-8
Added Net: Name=RT_1
Added Pin To Net: NetName=RT_2 Pin=R25-2
Added Pin To Net: NetName=RT_2 Pin=U1-11
Added Pin To Net: NetName=RT_2 Pin=U6-14
Added Net: Name=RT_2
Added Pin To Net: NetName=RTD_3 Pin=J16-3
Added Pin To Net: NetName=RTD_3 Pin=R27-2
Added Pin To Net: NetName=RTD_3 Pin=R33-1
Added Pin To Net: NetName=RTD_3 Pin=U1-12
Added Net: Name=RTD_3
