Removed Pin From Net: NetName=GND Pin=J11-4
Removed Pin From Net: NetName=ADC_1 Pin=J16-1
Removed Pin From Net: NetName=ADC_2 Pin=J16-2
Removed Pin From Net: NetName=GND Pin=J16-3
Removed Pin From Net: NetName=GPIO_2 Pin=R3-2
Removed Pin From Net: NetName=GPIO_3 Pin=R4-2
Removed Pin From Net: NetName=GPIO_2 Pin=U1-4
Removed Pin From Net: NetName=GPIO_3 Pin=U1-5
Removed Pin From Net: NetName=ADC_1 Pin=U1-10
Removed Pin From Net: NetName=ADC_2 Pin=U1-11
Removed Pin From Net: NetName=ADC_3 Pin=U1-12
Added Component: Designator=R20(R0805)
Added Component: Designator=R21(R0805)
Added Component: Designator=R22(R0805)
Added Component: Designator=R23(R0805)
Added Component: Designator=R24(R0805)
Added Component: Designator=R25(R0805)
Added Component: Designator=R26(R0805)
Added Component: Designator=R27(R0805)
Added Component: Designator=R28(R0805)
Added Component: Designator=R29(R0805)
Added Component: Designator=R30(R0805)
Added Component: Designator=R31(R0805)
Added Component: Designator=U6(LM844)
Add component (AddParameter): Name = "Code_IPC"; Value = "SOIC127P600-14"; VariantName = "[No Variations]"
Add component (AddParameter): Name = "Code_JEDEC"; Value = "MS-012AB"; VariantName = "[No Variations]"
Add component (AddParameter): Name = "Code_JEITA"; Value = ""; VariantName = "[No Variations]"
Add component (AddParameter): Name = "ComponentLink1Description"; Value = "Datasheet URL"; VariantName = "[No Variations]"
Add component (AddParameter): Name = "ComponentLink1URL"; Value = "http://www.ti.com/general/docs/lit/getliterature.tsp?genericPartNumber=LMV844&fileType=pdf"; VariantName = "[No Variations]"
Add component (AddParameter): Name = "CompType"; Value = "Amplifiers"; VariantName = "[No Variations]"
Add component (AddParameter): Name = "High-Reliability"; Value = ""; VariantName = "[No Variations]"
Add component (AddParameter): Name = "Manufacturer"; Value = "Texas Instruments"; VariantName = "[No Variations]"
Add component (AddParameter): Name = "Package Reference"; Value = "D0014A"; VariantName = "[No Variations]"
Add component (AddParameter): Name = "PackageDescription"; Value = "Molded Package S.O., .150in Wide, 14 Lead"; VariantName = "[No Variations]"
Add component (AddParameter): Name = "PackageTopMarking"; Value = "NSUZXYTTE#*LMV844MA"; VariantName = "[No Variations]"
Add component (AddParameter): Name = "PartNumber"; Value = ""; VariantName = "[No Variations]"
Add component (AddParameter): Name = "PinCount"; Value = "14"; VariantName = "[No Variations]"
Add component (AddParameter): Name = "PowerWise"; Value = "N"; VariantName = "[No Variations]"
Add component (AddParameter): Name = "RoHS"; Value = "Y"; VariantName = "[No Variations]"
Added Pin To Net: NetName=GPIO_3 Pin=R3-2
Added Pin To Net: NetName=GND Pin=R20-2
Added Pin To Net: NetName=VDC3.3 Pin=R22-2
Added Pin To Net: NetName=ADC_1 Pin=R24-2
Added Pin To Net: NetName=ADC_2 Pin=R25-2
Added Pin To Net: NetName=GND Pin=R30-2
Added Pin To Net: NetName=GND Pin=R31-2
Added Pin To Net: NetName=ADC_1 Pin=U1-4
Added Pin To Net: NetName=ADC_2 Pin=U1-5
Added Pin To Net: NetName=GPIO_2 Pin=U1-10
Added Pin To Net: NetName=GPIO_3 Pin=U1-11
Added Pin To Net: NetName=GND Pin=U6-4
Added Pin To Net: NetName=ADC_1 Pin=U6-8
Added Pin To Net: NetName=VDC3.3 Pin=U6-11
Added Pin To Net: NetName=ADC_2 Pin=U6-14
Added Pin To Net: NetName=GPIO_4 Pin=J11-4
Added Pin To Net: NetName=GPIO_4 Pin=R4-2
Added Pin To Net: NetName=GPIO_4 Pin=U1-12
Added Net: Name=GPIO_4
Added Pin To Net: NetName=NetR20_1 Pin=R20-1
Added Pin To Net: NetName=NetR20_1 Pin=U6-6
Added Net: Name=NetR20_1
Added Pin To Net: NetName=NetR21_2 Pin=R21-2
Added Pin To Net: NetName=NetR21_2 Pin=U6-7
Added Net: Name=NetR21_2
Added Pin To Net: NetName=NetR22_1 Pin=R22-1
Added Pin To Net: NetName=NetR22_1 Pin=R23-2
Added Pin To Net: NetName=NetR22_1 Pin=U6-5
Added Net: Name=NetR22_1
Added Pin To Net: NetName=NetR23_1 Pin=R23-1
Added Pin To Net: NetName=NetR23_1 Pin=U6-1
Added Pin To Net: NetName=NetR23_1 Pin=U6-2
Added Net: Name=NetR23_1
Added Pin To Net: NetName=NetR24_1 Pin=R24-1
Added Pin To Net: NetName=NetR24_1 Pin=R26-1
Added Pin To Net: NetName=NetR24_1 Pin=U6-9
Added Net: Name=NetR24_1
Added Pin To Net: NetName=NetR25_1 Pin=R25-1
Added Pin To Net: NetName=NetR25_1 Pin=R27-1
Added Pin To Net: NetName=NetR25_1 Pin=U6-13
Added Net: Name=NetR25_1
Added Pin To Net: NetName=NetR28_1 Pin=R28-1
Added Pin To Net: NetName=NetR28_1 Pin=R30-1
Added Pin To Net: NetName=NetR28_1 Pin=U6-10
Added Net: Name=NetR28_1
Added Pin To Net: NetName=NetR29_1 Pin=R29-1
Added Pin To Net: NetName=NetR29_1 Pin=R31-1
Added Pin To Net: NetName=NetR29_1 Pin=U6-12
Added Net: Name=NetR29_1
Added Pin To Net: NetName=OpAmp1_N Pin=J16-2
Added Pin To Net: NetName=OpAmp1_N Pin=R26-2
Added Pin To Net: NetName=OpAmp1_N Pin=R29-2
Added Net: Name=OpAmp1_N
Added Pin To Net: NetName=OpAmp1_P Pin=J16-1
Added Pin To Net: NetName=OpAmp1_P Pin=R21-1
Added Pin To Net: NetName=OpAmp1_P Pin=R28-2
Added Pin To Net: NetName=OpAmp1_P Pin=U6-3
Added Net: Name=OpAmp1_P
Added Pin To Net: NetName=OpAmp2_N Pin=J16-3
Added Pin To Net: NetName=OpAmp2_N Pin=R27-2
Added Net: Name=OpAmp2_N
