Removed Pin From Net: NetName=GND Pin=C5-1
Removed Pin From Net: NetName=VDD3.3 Pin=C5-2
Removed Pin From Net: NetName=GND Pin=C6-1
Removed Pin From Net: NetName=VDD5.0 Pin=C6-2
Removed Pin From Net: NetName=VDD3.3 Pin=U2-1
Removed Pin From Net: NetName=GND Pin=U2-2
Removed Pin From Net: NetName=MODBUS_R Pin=U2-3
Removed Pin From Net: NetName=MODBUS_*RE Pin=U2-4
Removed Pin From Net: NetName=ESP32-BOOT/MODBUS_DE Pin=U2-5
Removed Pin From Net: NetName=MODBUS_D Pin=U2-6
Removed Pin From Net: NetName=GND Pin=U2-7
Removed Pin From Net: NetName=GND Pin=U2-8
Removed Pin From Net: NetName=GND Pin=U2-9
Removed Pin From Net: NetName=GND Pin=U2-10
Removed Pin From Net: NetName=NetC7_1 Pin=U2-12
Removed Pin From Net: NetName=NetC8_1 Pin=U2-13
Removed Pin From Net: NetName=GND Pin=U2-15
Removed Pin From Net: NetName=VDD5.0 Pin=U2-16
Change Component Footprint: Designator=U2 Old Footprint=ISO3082DWR New Footprint=SOIC127P600X175-8N
Change Component Comment : Designator=U2 Old Comment=ISO3082DWR RS-485 Transceiver New Comment=MAX3485ESA+
Change component parameters: Designator = "U2" ("U2"); Footprint = "ISO3082DWR"; UniqueID = "\ZBNYNJLY" ("\ZBNYNJLY")
Change component parameters (AddParameter): Name = "Availability"; Value = "Unavailable"; VariantName = "[No Variations]"
Change component parameters (AddParameter): Name = "MF"; Value = "Maxim Integrated"; VariantName = "[No Variations]"
Change component parameters (AddParameter): Name = "MP"; Value = "MAX3485ESA+"; VariantName = "[No Variations]"
Change component parameters (AddParameter): Name = "Package"; Value = "SOIC-8 Maxim"; VariantName = "[No Variations]"
Change component parameters (AddParameter): Name = "Price"; Value = "None"; VariantName = "[No Variations]"
Change component parameters (AddParameter): Name = "SnapEDA_Link"; Value = "https://www.snapeda.com/parts/MAX3485ESA%2B/Maxim%20Integrated/view-part/225576/?ref=snap"; VariantName = "[No Variations]"
Change component parameters (AddParameter): Name = "Value"; Value = ""; VariantName = "[No Variations]"
Added Component: Designator=R29(R0805)
Added Pin To Net: NetName=VDD3.3 Pin=C5-1
Added Pin To Net: NetName=GND Pin=C5-2
Added Pin To Net: NetName=NetC7_1 Pin=R29-1
Added Pin To Net: NetName=NetC8_1 Pin=R29-2
Added Pin To Net: NetName=MODBUS_R Pin=U2-1
Added Pin To Net: NetName=MODBUS_*RE Pin=U2-2
Added Pin To Net: NetName=ESP32-BOOT/MODBUS_DE Pin=U2-3
Added Pin To Net: NetName=MODBUS_D Pin=U2-4
Added Pin To Net: NetName=GND Pin=U2-5
Added Pin To Net: NetName=NetC7_1 Pin=U2-6
Added Pin To Net: NetName=NetC8_1 Pin=U2-7
Added Pin To Net: NetName=VDD3.3 Pin=U2-8
