Removed Pin From Net: NetName=NetJ3_1 Pin=U3-12
Removed Pin From Net: NetName=NetJ3_2 Pin=U3-13
Change Component Designator: OldDesignator=C? NewDesignator=C9
Added Component: Designator=C5(C0805)
Added Component: Designator=C8(C0805)
Added Component: Designator=C10(C0805)
Added Component: Designator=C11(C0805)
Added Component: Designator=L2(TDK-ACM2012-4_V)
Add component (AddParameter): Name = "Catalog Drawings"; Value = "ACM2012SeriesTopACM2012SeriesSideACM2012SeriesBottom"; VariantName = "[No Variations]"
Add component (AddParameter): Name = "Category"; Value = "Filters"; VariantName = "[No Variations]"
Add component (AddParameter): Name = "Current"; Value = "370mA"; VariantName = "[No Variations]"
Add component (AddParameter): Name = "Datasheet URL"; Value = "https://datasheet.ciiva.com/26793/acm2012-121-2p-t002-26793322.pdf"; VariantName = "[No Variations]"
Add component (AddParameter): Name = "Datasheet Version"; Value = "Jun-12"; VariantName = "[No Variations]"
Add component (AddParameter): Name = "DC Resistance (DCR)"; Value = "220mOhmMax"; VariantName = "[No Variations]"
Add component (AddParameter): Name = "Family"; Value = "CommonModeChokes"; VariantName = "[No Variations]"
Add component (AddParameter): Name = "Filter Type"; Value = "Data,SignalLine"; VariantName = "[No Variations]"
Add component (AddParameter): Name = "Height (Max)"; Value = "0.051"(1.30mm)"; VariantName = "[No Variations]"
Add component (AddParameter): Name = "Impedance"; Value = "120Ohm"; VariantName = "[No Variations]"
Add component (AddParameter): Name = "Inductance"; Value = "-"; VariantName = "[No Variations]"
Add component (AddParameter): Name = "Manufacturer"; Value = "TDK"; VariantName = "[No Variations]"
Add component (AddParameter): Name = "Manufacturer URL"; Value = "http://www.tdk.com/"; VariantName = "[No Variations]"
Add component (AddParameter): Name = "Mounting Type"; Value = "SurfaceMount"; VariantName = "[No Variations]"
Add component (AddParameter): Name = "Number of Lines"; Value = "2"; VariantName = "[No Variations]"
Add component (AddParameter): Name = "Online Catalog"; Value = "ACM2012Series"; VariantName = "[No Variations]"
Add component (AddParameter): Name = "Operating Temperature"; Value = "-40degC~85degC"; VariantName = "[No Variations]"
Add component (AddParameter): Name = "Other Drawings"; Value = "ACM2012SeriesSchematicACM2012SeriesFootprint"; VariantName = "[No Variations]"
Add component (AddParameter): Name = "Other Names"; Value = "445-2208-6"; VariantName = "[No Variations]"
Add component (AddParameter): Name = "Package / Case"; Value = "Horizontal,4PCPad"; VariantName = "[No Variations]"
Add component (AddParameter): Name = "Packaging"; Value = "Digi-Reel  "; VariantName = "[No Variations]"
Add component (AddParameter): Name = "Product Training Modules"; Value = "EMCComponents"; VariantName = "[No Variations]"
Add component (AddParameter): Name = "Series"; Value = "ACM"; VariantName = "[No Variations]"
Add component (AddParameter): Name = "Size / Dimension"; Value = "0.079"Lx0.047"W(2.00mmx1.20mm)"; VariantName = "[No Variations]"
Add component (AddParameter): Name = "Standard Package"; Value = "1"; VariantName = "[No Variations]"
Added Component: Designator=R12(R0805)
Added Component: Designator=R14(R0805)
Added Component: Designator=U5(SMTC-SOT23-3_V)
Add component (AddParameter): Name = "Clamping Voltage"; Value = "26V/12V"; VariantName = "[No Variations]"
Add component (AddParameter): Name = "Configuration"; Value = "Dual"; VariantName = "[No Variations]"
Add component (AddParameter): Name = "Datasheet URL"; Value = "https://datasheet.ciiva.com/18065/getdatasheetpartid-110620-18065348.pdf"; VariantName = "[No Variations]"
Add component (AddParameter): Name = "Datasheet Version"; Value = "Nov-04"; VariantName = "[No Variations]"
Add component (AddParameter): Name = "Direction Type"; Value = "Bi-Directional"; VariantName = "[No Variations]"
Add component (AddParameter): Name = "Leakage Current"; Value = "1uA/20uA"; VariantName = "[No Variations]"
Add component (AddParameter): Name = "Leakage Current (Max)"; Value = "0.02uA"; VariantName = "[No Variations]"
Add component (AddParameter): Name = "Manufacturer"; Value = "Semtech"; VariantName = "[No Variations]"
Add component (AddParameter): Name = "Manufacturer URL"; Value = "http://www.semtech.com/"; VariantName = "[No Variations]"
Add component (AddParameter): Name = "Mounting"; Value = "SurfaceMount"; VariantName = "[No Variations]"
Add component (AddParameter): Name = "Mounting Style"; Value = "SurfaceMount"; VariantName = "[No Variations]"
Add component (AddParameter): Name = "Number of Elements"; Value = "2"; VariantName = "[No Variations]"
Add component (AddParameter): Name = "Operating Temp Range"; Value = "-55Cto125C"; VariantName = "[No Variations]"
Add component (AddParameter): Name = "Operating Temperature Classification"; Value = "Military"; VariantName = "[No Variations]"
Add component (AddParameter): Name = "Operating Temperature Max Deg. C"; Value = "125C"; VariantName = "[No Variations]"
Add component (AddParameter): Name = "Operating Temperature Min Deg. C"; Value = "-55C"; VariantName = "[No Variations]"
Add component (AddParameter): Name = "Package / Case"; Value = "SOT-23"; VariantName = "[No Variations]"
Add component (AddParameter): Name = "Package Description"; Value = "3-Pin Small Outline Transistor, Body 2.9 x 1.3 mm, Pitch 0.95 mm"; VariantName = "[No Variations]"
Add component (AddParameter): Name = "Package Reference"; Value = "SOT23-3"; VariantName = "[No Variations]"
Add component (AddParameter): Name = "Packaging"; Value = "TapeandReel"; VariantName = "[No Variations]"
Add component (AddParameter): Name = "Peak Pulse Current"; Value = "17A"; VariantName = "[No Variations]"
Add component (AddParameter): Name = "Peak Pulse Power Dissipation"; Value = "400W"; VariantName = "[No Variations]"
Add component (AddParameter): Name = "Pin Count"; Value = "3"; VariantName = "[No Variations]"
Add component (AddParameter): Name = "Polarity"; Value = "Bi-Directional"; VariantName = "[No Variations]"
Add component (AddParameter): Name = "Product Depth (mm)"; Value = "1.3mm"; VariantName = "[No Variations]"
Add component (AddParameter): Name = "Product Height (mm)"; Value = "0.95mm"; VariantName = "[No Variations]"
Add component (AddParameter): Name = "Product Length (mm)"; Value = "2.9mm"; VariantName = "[No Variations]"
Add component (AddParameter): Name = "Rad Hardened"; Value = "No"; VariantName = "[No Variations]"
Add component (AddParameter): Name = "Reverse Breakdown Voltage"; Value = "13.3V"; VariantName = "[No Variations]"
Add component (AddParameter): Name = "Reverse Stand-off Voltage"; Value = "12V"; VariantName = "[No Variations]"
Add component (AddParameter): Name = "Suppressor Type"; Value = "TVS"; VariantName = "[No Variations]"
Add component (AddParameter): Name = "Test Current (It)"; Value = "1mA"; VariantName = "[No Variations]"
Add component (AddParameter): Name = "Working Voltage"; Value = "12V/7V"; VariantName = "[No Variations]"
Added Pin To Net: NetName=GND Pin=C5-1
Added Pin To Net: NetName=VDD3.3 Pin=C5-2
Added Pin To Net: NetName=GND Pin=C8-1
Added Pin To Net: NetName=VDD5.0 Pin=C8-2
Added Pin To Net: NetName=GND Pin=C10-2
Added Pin To Net: NetName=GND Pin=C11-2
Added Pin To Net: NetName=NetJ3_1 Pin=R12-1
Added Pin To Net: NetName=NetJ3_2 Pin=R14-1
Added Pin To Net: NetName=GND Pin=U5-3
Added Pin To Net: NetName=NetC10_1 Pin=C10-1
Added Pin To Net: NetName=NetC10_1 Pin=L2-1
Added Pin To Net: NetName=NetC10_1 Pin=U3-12
Added Net: Name=NetC10_1
Added Pin To Net: NetName=NetC11_1 Pin=C11-1
Added Pin To Net: NetName=NetC11_1 Pin=L2-2
Added Pin To Net: NetName=NetC11_1 Pin=U3-13
Added Net: Name=NetC11_1
Added Pin To Net: NetName=NetL2_3 Pin=L2-3
Added Pin To Net: NetName=NetL2_3 Pin=R14-2
Added Pin To Net: NetName=NetL2_3 Pin=U5-1
Added Net: Name=NetL2_3
Added Pin To Net: NetName=NetL2_4 Pin=L2-4
Added Pin To Net: NetName=NetL2_4 Pin=R12-2
Added Pin To Net: NetName=NetL2_4 Pin=U5-2
Added Net: Name=NetL2_4
