Removed Pin From Net: NetName=VDD3.3 Pin=JP1-1
Removed Pin From Net: NetName=GND Pin=JP1-2
Removed Pin From Net: NetName=TXD0 Pin=JP1-3
Removed Pin From Net: NetName=VDD5.0 Pin=JP1-4
Removed Pin From Net: NetName=RXD0 Pin=JP1-5
Removed Pin From Net: NetName=GND Pin=JP1-6
Change Component Designator: OldDesignator=J1 NewDesignator=J2
Change Component Designator: OldDesignator=J2 NewDesignator=J3
Change Component Designator: OldDesignator=J3 NewDesignator=J4
Change Component Designator: OldDesignator=J4 NewDesignator=J5
Change Component Designator: OldDesignator=J5 NewDesignator=J6
Change Component Designator: OldDesignator=J6 NewDesignator=J7
Change Component Designator: OldDesignator=J7 NewDesignator=J8
Change Component Designator: OldDesignator=J8 NewDesignator=J9
Change Component Designator: OldDesignator=J9 NewDesignator=J10
Change Component Designator: OldDesignator=J10 NewDesignator=J11
Change Component Designator: OldDesignator=J11 NewDesignator=J12
Change Component Designator: OldDesignator=J12 NewDesignator=J13
Added Component: Designator=J1(Female Header 5x1 Right Angle)
Added Pin To Net: NetName=VDD3.3 Pin=J1-1
Added Pin To Net: NetName=TXD0 Pin=J1-2
Added Pin To Net: NetName=RXD0 Pin=J1-3
Added Pin To Net: NetName=GND Pin=J1-4
Added Pin To Net: NetName=VDD5.0 Pin=J1-5
Change Net Name : Old Net Name=NetJ3_1 New Net Name=NetJ4_1
Change Net Name : Old Net Name=NetJ3_2 New Net Name=NetJ4_2
Change Net Name : Old Net Name=NetJ4_1 New Net Name=NetJ5_1
Change Net Name : Old Net Name=NetJ5_1 New Net Name=NetJ6_1
Change Net Name : Old Net Name=NetJ7_1 New Net Name=NetJ8_1
Change Net Name : Old Net Name=NetJ8_1 New Net Name=NetJ9_1
