Removed Pin From Net: NetName=VIN5.0 Pin=J13-1
Removed Pin From Net: NetName=AC_1 Pin=L?-1
Removed Pin From Net: NetName=GND Pin=MH2-1
Removed Pin From Net: NetName=AC_1 Pin=R?-2
Change Component Designator: OldDesignator=J? NewDesignator=J15
Change Component Designator: OldDesignator=J? NewDesignator=J16
Change Component Designator: OldDesignator=L? NewDesignator=L3
Change Component Designator: OldDesignator=R? NewDesignator=R30
Added Component: Designator=BR1(DIOB_DB107S)
Add component (AddParameter): Name = "Availability"; Value = "Unavailable"; VariantName = "[No Variations]"
Add component (AddParameter): Name = "MF"; Value = "SMC Diode"; VariantName = "[No Variations]"
Add component (AddParameter): Name = "MP"; Value = "DB107S"; VariantName = "[No Variations]"
Add component (AddParameter): Name = "Package"; Value = "SMD-4 SMC Diode"; VariantName = "[No Variations]"
Add component (AddParameter): Name = "Price"; Value = "None"; VariantName = "[No Variations]"
Add component (AddParameter): Name = "SnapEDA_Link"; Value = "https://www.snapeda.com/parts/DB107S/SMC%20Diode%20Solutions/view-part/582848/?ref=snap"; VariantName = "[No Variations]"
Add component (AddParameter): Name = "Value"; Value = ""; VariantName = "[No Variations]"
Added Component: Designator=C6(Q12B1D102KN0B0S0N0)
Add component (AddParameter): Name = "Electrolytic Through Hole Axial Capacitor"; Value = "100pF"; VariantName = "[No Variations]"
Add component (AddParameter): Name = "PackageDescription"; Value = "Capacitor; 2 Leads"; VariantName = "[No Variations]"
Add component (AddParameter): Name = "PackageReference"; Value = "CAPR5-4X5"; VariantName = "[No Variations]"
Add component (AddParameter): Name = "Published"; Value = "23-Sep-2002"; VariantName = "[No Variations]"
Add component (AddParameter): Name = "Publisher"; Value = "Altium Limited"; VariantName = "[No Variations]"
Added Component: Designator=C12(Q12B1D102KN0B0S0N0)
Add component (AddParameter): Name = "Electrolytic Through Hole Axial Capacitor"; Value = "100pF"; VariantName = "[No Variations]"
Add component (AddParameter): Name = "PackageDescription"; Value = "Capacitor; 2 Leads"; VariantName = "[No Variations]"
Add component (AddParameter): Name = "PackageReference"; Value = "CAPR5-4X5"; VariantName = "[No Variations]"
Add component (AddParameter): Name = "Published"; Value = "23-Sep-2002"; VariantName = "[No Variations]"
Add component (AddParameter): Name = "Publisher"; Value = "Altium Limited"; VariantName = "[No Variations]"
Added Component: Designator=C13(MP2104KGC3XLC)
Add component (AddParameter): Name = "Electrolytic Through Hole Axial Capacitor"; Value = "100pF"; VariantName = "[No Variations]"
Add component (AddParameter): Name = "PackageDescription"; Value = "Capacitor; 2 Leads"; VariantName = "[No Variations]"
Add component (AddParameter): Name = "PackageReference"; Value = "CAPR5-4X5"; VariantName = "[No Variations]"
Add component (AddParameter): Name = "Published"; Value = "23-Sep-2002"; VariantName = "[No Variations]"
Add component (AddParameter): Name = "Publisher"; Value = "Altium Limited"; VariantName = "[No Variations]"
Added Component: Designator=F2(MF2410F1.000TM-Fuse2410)
Added Pin To Net: NetName=GND Pin=BR1-NEG
Added Pin To Net: NetName=VIN5.0 Pin=BR1-POS
Added Pin To Net: NetName=GND Pin=BR1-~.
Added Pin To Net: NetName=Earth Pin=C6-1
Added Pin To Net: NetName=Earth Pin=C12-2
Added Pin To Net: NetName=AC_2 Pin=C13-1
Added Pin To Net: NetName=AC_1 Pin=F2-1
Added Pin To Net: NetName=Earth Pin=MH2-1
Added Pin To Net: NetName=NetC6_2 Pin=C6-2
Added Pin To Net: NetName=NetC6_2 Pin=L3-2
Added Pin To Net: NetName=NetC6_2 Pin=PS1-1
Added Net: Name=NetC6_2
Added Pin To Net: NetName=NetC12_1 Pin=C12-1
Added Pin To Net: NetName=NetC12_1 Pin=L3-3
Added Pin To Net: NetName=NetC12_1 Pin=PS1-2
Added Net: Name=NetC12_1
Added Pin To Net: NetName=NetC13_2 Pin=C13-2
Added Pin To Net: NetName=NetC13_2 Pin=F2-2
Added Pin To Net: NetName=NetC13_2 Pin=L3-1
Added Pin To Net: NetName=NetC13_2 Pin=R30-2
Added Net: Name=NetC13_2
Added Pin To Net: NetName=VPower5.0 Pin=BR1-~
Added Pin To Net: NetName=VPower5.0 Pin=J13-1
Added Net: Name=VPower5.0
