Removed Pin From Net: NetName=ESP32-LTE-CTS Pin=J4-1
Removed Pin From Net: NetName=VDD5.0 Pin=J4-2
Removed Pin From Net: NetName=ESP32-LTE-RTS Pin=J4-3
Removed Pin From Net: NetName=VDD5.0 Pin=J4-4
Removed Pin From Net: NetName=ESP32-LTE-TXD Pin=J4-5
Removed Pin From Net: NetName=VDD5.0 Pin=J4-6
Removed Pin From Net: NetName=ESP32-LTE-RXD Pin=J4-7
Removed Pin From Net: NetName=VDD5.0 Pin=J4-8
Removed Pin From Net: NetName=ESP32-LTE-DTR Pin=J4-9
Removed Pin From Net: NetName=VDD5.0 Pin=J4-10
Removed Pin From Net: NetName=ESP32-LTE-DCD Pin=J4-11
Removed Pin From Net: NetName=GND Pin=J4-12
Removed Pin From Net: NetName=ESP32-LTE-RI Pin=J4-13
Removed Pin From Net: NetName=GND Pin=J4-14
Removed Pin From Net: NetName=LTE_RESET Pin=J4-15
Removed Pin From Net: NetName=GND Pin=J4-16
Removed Pin From Net: NetName=LTE_PWR Pin=J4-17
Removed Pin From Net: NetName=GND Pin=J4-18
Removed Pin From Net: NetName=GND Pin=J4-20
Added Pin To Net: NetName=VDD5.0 Pin=J4-1
Added Pin To Net: NetName=ESP32-LTE-CTS Pin=J4-2
Added Pin To Net: NetName=VDD5.0 Pin=J4-3
Added Pin To Net: NetName=ESP32-LTE-RTS Pin=J4-4
Added Pin To Net: NetName=VDD5.0 Pin=J4-5
Added Pin To Net: NetName=ESP32-LTE-TXD Pin=J4-6
Added Pin To Net: NetName=VDD5.0 Pin=J4-7
Added Pin To Net: NetName=ESP32-LTE-RXD Pin=J4-8
Added Pin To Net: NetName=VDD5.0 Pin=J4-9
Added Pin To Net: NetName=ESP32-LTE-DTR Pin=J4-10
Added Pin To Net: NetName=GND Pin=J4-11
Added Pin To Net: NetName=ESP32-LTE-DCD Pin=J4-12
Added Pin To Net: NetName=GND Pin=J4-13
Added Pin To Net: NetName=ESP32-LTE-RI Pin=J4-14
Added Pin To Net: NetName=GND Pin=J4-15
Added Pin To Net: NetName=LTE_RESET Pin=J4-16
Added Pin To Net: NetName=GND Pin=J4-17
Added Pin To Net: NetName=LTE_PWR Pin=J4-18
Added Pin To Net: NetName=GND Pin=J4-19
